+++ latest --arch=win64 glib pkg-config
++ DEPS='glib-2.26.0-1 pkg-config-0.23-2'
++ for D in '$DEPS'
++ PATH='/devel/dist/win64/glib-2.26.0-1/bin:/opt/mingw64/bin:/opt/misc/bin:/opt/gnu/bin:/opt/mingw/bin:/opt/svn/bin:/opt/local/bin:/c/Windows/Microsoft.NET/Framework/v3.5:/c/Windows/Microsoft.NET/Framework/v2.0.50727:/opt/xemacs/XEmacs-21.4.22/i586-pc-win32:/bin:/c/Windows/system32:/c/Windows:/c/Windows/System32/Wbem:/c/Windows/System32/WindowsPowerShell/v1.0/:/c/Program Files (x86)/Novell/GroupWise:/c/Program Files (x86)/QuickTime/QTSystem/'
++ for D in '$DEPS'
++ PATH='/devel/dist/win64/pkg-config-0.23-2/bin:/devel/dist/win64/glib-2.26.0-1/bin:/opt/mingw64/bin:/opt/misc/bin:/opt/gnu/bin:/opt/mingw/bin:/opt/svn/bin:/opt/local/bin:/c/Windows/Microsoft.NET/Framework/v3.5:/c/Windows/Microsoft.NET/Framework/v2.0.50727:/opt/xemacs/XEmacs-21.4.22/i586-pc-win32:/bin:/c/Windows/system32:/c/Windows:/c/Windows/System32/Wbem:/c/Windows/System32/WindowsPowerShell/v1.0/:/c/Program Files (x86)/Novell/GroupWise:/c/Program Files (x86)/QuickTime/QTSystem/'
++ for F in 'pixman/pixman-{mmx,sse2}.c'
++ sed -e 's!(unsigned long)!(uintptr_t)!'
++ mv pixman/pixman-mmx.c.tmp pixman/pixman-mmx.c
++ for F in 'pixman/pixman-{mmx,sse2}.c'
++ sed -e 's!(unsigned long)!(uintptr_t)!'
++ mv pixman/pixman-sse2.c.tmp pixman/pixman-sse2.c
++ CC=x86_64-w64-mingw32-gcc
++ CFLAGS=-O2
++ ./configure --host=x86_64-w64-mingw32 --disable-shared --prefix=c:/devel/target/9bcf1039224e9267948d21fc1c2f9db0
configure: WARNING: If you wanted to set the --build type, don't use --host.
    If a cross compiler is detected then cross compile mode will be used.
checking for a BSD-compatible install... /opt/local/bin/install -c
checking whether build environment is sane... yes
checking for x86_64-w64-mingw32-strip... x86_64-w64-mingw32-strip
checking for a thread-safe mkdir -p... /bin/mkdir -p
checking for gawk... gawk
checking whether make sets $(MAKE)... yes
checking build system type... i686-pc-mingw32
checking host system type... x86_64-w64-mingw32
checking for x86_64-w64-mingw32-gcc... x86_64-w64-mingw32-gcc
checking whether the C compiler works... yes
checking for C compiler default output file name... a.exe
checking for suffix of executables... .exe
checking whether we are cross compiling... no
checking for suffix of object files... o
checking whether we are using the GNU C compiler... yes
checking whether x86_64-w64-mingw32-gcc accepts -g... yes
checking for x86_64-w64-mingw32-gcc option to accept ISO C89... none needed
checking for style of include used by make... GNU
checking dependency style of x86_64-w64-mingw32-gcc... gcc3
checking dependency style of x86_64-w64-mingw32-gcc... gcc3
checking for a sed that does not truncate output... /bin/sed
checking for grep that handles long lines and -e... /bin/grep
checking for egrep... /bin/grep -E
checking for fgrep... /bin/grep -F
checking for ld used by x86_64-w64-mingw32-gcc... c:/opt/mingw64/x86_64-w64-mingw32/bin/ld.exe
checking if the linker (c:/opt/mingw64/x86_64-w64-mingw32/bin/ld.exe) is GNU ld... yes
checking for BSD- or MS-compatible name lister (nm)... /opt/mingw64/bin/x86_64-w64-mingw32-nm
checking the name lister (/opt/mingw64/bin/x86_64-w64-mingw32-nm) interface... BSD nm
checking whether ln -s works... no, using cp -p
checking the maximum length of command line arguments... 8192
checking whether the shell understands some XSI constructs... yes
checking whether the shell understands "+="... yes
checking for c:/opt/mingw64/x86_64-w64-mingw32/bin/ld.exe option to reload object files... -r
checking for x86_64-w64-mingw32-objdump... x86_64-w64-mingw32-objdump
checking how to recognize dependent libraries... file_magic ^x86 archive import|^x86 DLL
checking for x86_64-w64-mingw32-ar... x86_64-w64-mingw32-ar
checking for x86_64-w64-mingw32-strip... (cached) x86_64-w64-mingw32-strip
checking for x86_64-w64-mingw32-ranlib... x86_64-w64-mingw32-ranlib
checking command to parse /opt/mingw64/bin/x86_64-w64-mingw32-nm output from x86_64-w64-mingw32-gcc object... ok
checking how to run the C preprocessor... x86_64-w64-mingw32-gcc -E
checking for ANSI C header files... yes
checking for sys/types.h... yes
checking for sys/stat.h... yes
checking for stdlib.h... yes
checking for string.h... yes
checking for memory.h... yes
checking for strings.h... yes
checking for inttypes.h... yes
checking for stdint.h... yes
checking for unistd.h... yes
checking for dlfcn.h... yes
checking for objdir... .libs
checking if x86_64-w64-mingw32-gcc supports -fno-rtti -fno-exceptions... no
checking for x86_64-w64-mingw32-gcc option to produce PIC... -DDLL_EXPORT -DPIC
checking if x86_64-w64-mingw32-gcc PIC flag -DDLL_EXPORT -DPIC works... yes
checking if x86_64-w64-mingw32-gcc static flag -static works... yes
checking if x86_64-w64-mingw32-gcc supports -c -o file.o... yes
checking if x86_64-w64-mingw32-gcc supports -c -o file.o... (cached) yes
checking whether the x86_64-w64-mingw32-gcc linker (c:/opt/mingw64/x86_64-w64-mingw32/bin/ld.exe) supports shared libraries... yes
checking dynamic linker characteristics... Win32 ld.exe
checking how to hardcode library paths into programs... immediate
checking whether stripping libraries is possible... yes
checking if libtool supports shared libraries... yes
checking whether to build shared libraries... no
checking whether to build static libraries... yes
checking for getisax... no
checking whether byte ordering is bigendian... no
checking for inline... inline
checking whether the compiler supports -Werror... 
checking size of long... 4
checking whether __SUNPRO_C is declared... no
checking whether __amd64 is declared... yes
checking whether the compiler supports -Wall... yes
checking whether the compiler supports -fno-strict-aliasing... yes
checking for perl... /bin/perl
checking for x86_64-w64-mingw32-gcc option to support OpenMP... unsupported
checking whether the compiler supports -fvisibility=hidden... no
checking whether the compiler supports -xldscope=hidden... no
checking whether to use MMX intrinsics... yes
checking whether to use SSE2 intrinsics... yes
checking whether to use VMX/Altivec intrinsics... no
checking whether to use ARM SIMD assembler... no
checking whether to use ARM NEON assembler... no
checking whether to use GNU-style inline assembler... yes
checking pkg-config is at least version 0.9.0... yes
checking for pixman_version_string in -lpixman-1... no
checking for posix_memalign... no
checking for sigaction... no
checking for alarm... yes
checking sys/mman.h usability... no
checking sys/mman.h presence... no
checking for sys/mman.h... no
checking for mprotect... yes
checking for getpagesize... yes
checking for gettimeofday... yes
checking sys/time.h usability... yes
checking sys/time.h presence... yes
checking for sys/time.h... yes
checking for __thread... no
checking for pthread_setspecific... no
configure: creating ./config.status
config.status: creating pixman-1.pc
config.status: creating pixman-1-uninstalled.pc
config.status: creating Makefile
config.status: creating pixman/Makefile
config.status: creating pixman/pixman-version.h
config.status: creating test/Makefile
config.status: creating config.h
config.status: executing depfiles commands
config.status: executing libtool commands
++ PATH='/devel/target/9bcf1039224e9267948d21fc1c2f9db0/bin:/devel/dist/win64/pkg-config-0.23-2/bin:/devel/dist/win64/glib-2.26.0-1/bin:/opt/mingw64/bin:/opt/misc/bin:/opt/gnu/bin:/opt/mingw/bin:/opt/svn/bin:/opt/local/bin:/c/Windows/Microsoft.NET/Framework/v3.5:/c/Windows/Microsoft.NET/Framework/v2.0.50727:/opt/xemacs/XEmacs-21.4.22/i586-pc-win32:/bin:/c/Windows/system32:/c/Windows:/c/Windows/System32/Wbem:/c/Windows/System32/WindowsPowerShell/v1.0/:/c/Program Files (x86)/Novell/GroupWise:/c/Program Files (x86)/QuickTime/QTSystem/'
++ make install
Making install in pixman
make[1]: Entering directory `/devel/src/freedesktop/pixman/0.20.0-1_win64/pixman'
make  install-am
make[2]: Entering directory `/devel/src/freedesktop/pixman/0.20.0-1_win64/pixman'
  CC     pixman-access.lo
  CC     pixman-access-accessors.lo
  CC     pixman-cpu.lo
  CC     pixman-gradient-walker.lo
  CC     pixman-region16.lo
  CC     pixman-region32.lo
  CC     pixman-image.lo
  CC     pixman-implementation.lo
  CC     pixman-combine32.lo
  CC     pixman-combine64.lo
  CC     pixman-general.lo
  CC     pixman.lo
  CC     pixman-fast-path.lo
pixman-fast-path.c: In function 'fetch_24':
pixman-fast-path.c:38:10: warning: cast from pointer to integer of different size
pixman-fast-path.c: In function 'store_24':
pixman-fast-path.c:60:10: warning: cast from pointer to integer of different size
  CC     pixman-solid-fill.lo
  CC     pixman-conical-gradient.lo
  CC     pixman-linear-gradient.lo
  CC     pixman-radial-gradient.lo
  CC     pixman-bits-image.lo
  CC     pixman-utils.lo
  CC     pixman-edge.lo
  CC     pixman-edge-accessors.lo
  CC     pixman-trap.lo
  CC     pixman-timer.lo
  CC     pixman-matrix.lo
  CC     libpixman_mmx_la-pixman-mmx.lo
  CCLD   libpixman-mmx.la
  CC     libpixman_sse2_la-pixman-sse2.lo
  CCLD   libpixman-sse2.la
  CCLD   libpixman-1.la
make[3]: Entering directory `/devel/src/freedesktop/pixman/0.20.0-1_win64/pixman'
test -z "c:/devel/target/9bcf1039224e9267948d21fc1c2f9db0/lib" || /bin/mkdir -p "c:/devel/target/9bcf1039224e9267948d21fc1c2f9db0/lib"
 /bin/sh ../libtool   --mode=install /opt/local/bin/install -c   libpixman-1.la 'c:/devel/target/9bcf1039224e9267948d21fc1c2f9db0/lib'
libtool: install: /opt/local/bin/install -c .libs/libpixman-1.lai c:/devel/target/9bcf1039224e9267948d21fc1c2f9db0/lib/libpixman-1.la
libtool: install: /opt/local/bin/install -c .libs/libpixman-1.a c:/devel/target/9bcf1039224e9267948d21fc1c2f9db0/lib/libpixman-1.a
libtool: install: chmod 644 c:/devel/target/9bcf1039224e9267948d21fc1c2f9db0/lib/libpixman-1.a
libtool: install: x86_64-w64-mingw32-ranlib c:/devel/target/9bcf1039224e9267948d21fc1c2f9db0/lib/libpixman-1.a
----------------------------------------------------------------------
Libraries have been installed in:
   c:/devel/target/9bcf1039224e9267948d21fc1c2f9db0/lib

If you ever happen to want to link against installed libraries
in a given directory, LIBDIR, you must either use libtool, and
specify the full pathname of the library, or use the `-LLIBDIR'
flag during linking and do at least one of the following:
   - add LIBDIR to the `PATH' environment variable
     during execution
   - add LIBDIR to the `LD_RUN_PATH' environment variable
     during linking
   - use the `-LLIBDIR' linker flag

See any operating system documentation about shared libraries for
more information, such as the ld(1) and ld.so(8) manual pages.
----------------------------------------------------------------------
test -z "c:/devel/target/9bcf1039224e9267948d21fc1c2f9db0/include/pixman-1" || /bin/mkdir -p "c:/devel/target/9bcf1039224e9267948d21fc1c2f9db0/include/pixman-1"
 /opt/local/bin/install -c -m 644 pixman.h pixman-version.h 'c:/devel/target/9bcf1039224e9267948d21fc1c2f9db0/include/pixman-1'
make[3]: Leaving directory `/devel/src/freedesktop/pixman/0.20.0-1_win64/pixman'
make[2]: Leaving directory `/devel/src/freedesktop/pixman/0.20.0-1_win64/pixman'
make[1]: Leaving directory `/devel/src/freedesktop/pixman/0.20.0-1_win64/pixman'
Making install in test
make[1]: Entering directory `/devel/src/freedesktop/pixman/0.20.0-1_win64/test'
  CC     a1-trap-test.o
  CCLD   a1-trap-test.exe
  CC     region-test.o
In file included from region-test.c:4:0:
utils.h:12:0: warning: ignoring #pragma omp threadprivate
  CC     utils.o
In file included from utils.c:1:0:
utils.h:12:0: warning: ignoring #pragma omp threadprivate
utils.c: In function 'fuzzer_test_main':
utils.c:397:0: warning: ignoring #pragma omp parallel
utils.c: At top level:
utils.c:447:1: warning: 'on_alarm' defined but not used
  CCLD   region-test.exe
  CC     region-translate-test.o
  CCLD   region-translate-test.exe
  CC     fetch-test.o
fetch-test.c: In function 'reader':
fetch-test.c:120:1: warning: control reaches end of non-void function
  CCLD   fetch-test.exe
  CC     oob-test.o
  CCLD   oob-test.exe
  CC     window-test.o
  CCLD   window-test.exe
  CC     gradient-crash-test.o
  CCLD   gradient-crash-test.exe
  CC     trap-crasher.o
  CCLD   trap-crasher.exe
  CC     alpha-loop.o
In file included from alpha-loop.c:3:0:
utils.h:12:0: warning: ignoring #pragma omp threadprivate
  CCLD   alpha-loop.exe
  CC     scaling-crash-test.o
  CCLD   scaling-crash-test.exe
  CC     alphamap.o
In file included from alphamap.c:3:0:
utils.h:12:0: warning: ignoring #pragma omp threadprivate
alphamap.c: In function 'get_alpha':
alphamap.c:95:13: warning: 'r' may be used uninitialized in this function
  CCLD   alphamap.exe
  CC     blitters-test.o
In file included from blitters-test.c:12:0:
utils.h:12:0: warning: ignoring #pragma omp threadprivate
  CCLD   blitters-test.exe
  CC     scaling-test.o
In file included from scaling-test.c:13:0:
utils.h:12:0: warning: ignoring #pragma omp threadprivate
  CCLD   scaling-test.exe
  CC     affine-test.o
In file included from affine-test.c:13:0:
utils.h:12:0: warning: ignoring #pragma omp threadprivate
  CCLD   affine-test.exe
  CC     composite.o
In file included from composite.c:32:0:
utils.h:12:0: warning: ignoring #pragma omp threadprivate
composite.c:35:0: warning: "min" redefined
c:/opt/mingw64/lib/gcc/../../x86_64-w64-mingw32/include/windef.h:147:0: note: this is the location of the previous definition
composite.c:36:0: warning: "max" redefined
c:/opt/mingw64/lib/gcc/../../x86_64-w64-mingw32/include/windef.h:143:0: note: this is the location of the previous definition
composite.c: In function 'main':
composite.c:898:0: warning: ignoring #pragma omp parallel
  CCLD   composite.exe
  CC     lowlevel-blt-bench.o
In file included from lowlevel-blt-bench.c:35:0:
utils.h:12:0: warning: ignoring #pragma omp threadprivate
  CCLD   lowlevel-blt-bench.exe
make[2]: Entering directory `/devel/src/freedesktop/pixman/0.20.0-1_win64/test'
make[2]: Nothing to be done for `install-exec-am'.
make[2]: Nothing to be done for `install-data-am'.
make[2]: Leaving directory `/devel/src/freedesktop/pixman/0.20.0-1_win64/test'
make[1]: Leaving directory `/devel/src/freedesktop/pixman/0.20.0-1_win64/test'
make[1]: Entering directory `/devel/src/freedesktop/pixman/0.20.0-1_win64'
make[2]: Entering directory `/devel/src/freedesktop/pixman/0.20.0-1_win64'
make[2]: Nothing to be done for `install-exec-am'.
test -z "c:/devel/target/9bcf1039224e9267948d21fc1c2f9db0/lib/pkgconfig" || /bin/mkdir -p "c:/devel/target/9bcf1039224e9267948d21fc1c2f9db0/lib/pkgconfig"
 /opt/local/bin/install -c -m 644 pixman-1.pc 'c:/devel/target/9bcf1039224e9267948d21fc1c2f9db0/lib/pkgconfig'
make[2]: Leaving directory `/devel/src/freedesktop/pixman/0.20.0-1_win64'
make[1]: Leaving directory `/devel/src/freedesktop/pixman/0.20.0-1_win64'
++ rm -f /tmp/pixman_0.20.0-1_win64.zip /tmp/pixman-dev_0.20.0-1_win64.zip
++ cd /devel/target/9bcf1039224e9267948d21fc1c2f9db0
++ zip /tmp/pixman_0.20.0-1_win64.zip nul
  adding: nul (140 bytes security) (stored 0%)
++ zip -d /tmp/pixman_0.20.0-1_win64.zip nul
deleting: nul
	zip warning: zip file empty
++ zip -r -D /tmp/pixman-dev_0.20.0-1_win64.zip include/pixman-1
  adding: include/pixman-1/pixman-version.h (200 bytes security) (deflated 49%)
  adding: include/pixman-1/pixman.h (200 bytes security) (deflated 81%)
++ zip /tmp/pixman-dev_0.20.0-1_win64.zip lib/libpixman-1.a
  adding: lib/libpixman-1.a (200 bytes security) (deflated 61%)
++ zip -r -D /tmp/pixman-dev_0.20.0-1_win64.zip lib/pkgconfig
  adding: lib/pkgconfig/pixman-1.pc (200 bytes security) (deflated 29%)
++ :
